

2025-02-10 12:52:34,UID=0,Pro=0,Ultra=0,v=2025.02.10OS:Microsoft Windows NT 6.2.9200.0System.IO.FileNotFoundException: 未能找到文件“C:\Users\boy\Nutstore\1\dev_lite\vs\BKOfficeChild\Update\BKOfficeFiles\2025.02.10\Cookie.dat”。 
文件名:“C:\Users\boy\Nutstore\1\dev_lite\vs\BKOfficeChild\Update\BKOfficeFiles\2025.02.10\Cookie.dat” 
   在 System.IO.__Error.WinIOError(Int32 errorCode, String maybeFullPath) 
   在 System.IO.FileStream.Init(String path, FileMode mode, FileAccess access, Int32 rights, Boolean useRights, FileShare share, Int32 bufferSize, FileOptions options, SECURITY_ATTRIBUTES secAttrs, String msgPath, Boolean bFromProxy, Boolean useLongPath, Boolean checkHost) 
   在 System.IO.FileStream..ctor(String path, FileMode mode, FileAccess access, FileShare share, Int32 bufferSize, FileOptions options, String msgPath, Boolean bFromProxy, Boolean useLongPath, Boolean checkHost) 
   在 System.IO.File.InternalReadAllBytes(String path, Boolean checkHost) 
   在 Library.Common.Ini.GetCookie() 
--- 引发异常的上一位置中堆栈跟踪的末尾 --- 
   在 #=qGz2BlNyQ2xv7Q6H3VudBMJIxXyJ7a754zgP0agCkp6Q=.#=z$aD6HSzbEWUsK6wpFHe6HvEBX7YQ(Object #=znYbZEkE=) 
   在 #=qGz2BlNyQ2xv7Q6H3VudBMJIxXyJ7a754zgP0agCkp6Q=.#=z$JCk7jrlfkLSluLT7mUjUlY=(MethodBase #=znYbZEkE=, Boolean #=z3wGm$yg=) 
   在 #=qGz2BlNyQ2xv7Q6H3VudBMJIxXyJ7a754zgP0agCkp6Q=.#=z9$Khxoaif_IBGUxIRGyQN8VnfURTPSn0Lg==(#=qGz2BlNyQ2xv7Q6H3VudBMJIxXyJ7a754zgP0agCkp6Q= #=znYbZEkE=, #=qhQv$d28aAWRIUxVq7P2hYE06JVznoE1LDtDheJtkP94= #=z3wGm$yg=) 
   在 #=qGz2BlNyQ2xv7Q6H3VudBMJIxXyJ7a754zgP0agCkp6Q=.#=z5zABAQ3RFX7XBm4048h8Szgr1LdT() 
   在 #=qGz2BlNyQ2xv7Q6H3VudBMJIxXyJ7a754zgP0agCkp6Q=.#=zhGwqN7NVF9EF930rCulqi6GmA_ju(Boolean #=znYbZEkE=)


2025-02-10 12:52:53,UID=0,Pro=0,Ultra=0,v=2025.02.10OS:Microsoft Windows NT 6.2.9200.0System.IO.FileNotFoundException: 未能找到文件“C:\Users\boy\Nutstore\1\dev_lite\vs\BKOfficeChild\Update\BKOfficeFiles\2025.02.10\Cookie.dat”。 
文件名:“C:\Users\boy\Nutstore\1\dev_lite\vs\BKOfficeChild\Update\BKOfficeFiles\2025.02.10\Cookie.dat” 
   在 System.IO.__Error.WinIOError(Int32 errorCode, String maybeFullPath) 
   在 System.IO.FileStream.Init(String path, FileMode mode, FileAccess access, Int32 rights, Boolean useRights, FileShare share, Int32 bufferSize, FileOptions options, SECURITY_ATTRIBUTES secAttrs, String msgPath, Boolean bFromProxy, Boolean useLongPath, Boolean checkHost) 
   在 System.IO.FileStream..ctor(String path, FileMode mode, FileAccess access, FileShare share, Int32 bufferSize, FileOptions options, String msgPath, Boolean bFromProxy, Boolean useLongPath, Boolean checkHost) 
   在 System.IO.File.InternalReadAllBytes(String path, Boolean checkHost) 
   在 Library.Common.Ini.GetCookie() 
--- 引发异常的上一位置中堆栈跟踪的末尾 --- 
   在 #=qGz2BlNyQ2xv7Q6H3VudBMJIxXyJ7a754zgP0agCkp6Q=.#=z$aD6HSzbEWUsK6wpFHe6HvEBX7YQ(Object #=znYbZEkE=) 
   在 #=qGz2BlNyQ2xv7Q6H3VudBMJIxXyJ7a754zgP0agCkp6Q=.#=z$JCk7jrlfkLSluLT7mUjUlY=(MethodBase #=znYbZEkE=, Boolean #=z3wGm$yg=) 
   在 #=qGz2BlNyQ2xv7Q6H3VudBMJIxXyJ7a754zgP0agCkp6Q=.#=z9$Khxoaif_IBGUxIRGyQN8VnfURTPSn0Lg==(#=qGz2BlNyQ2xv7Q6H3VudBMJIxXyJ7a754zgP0agCkp6Q= #=znYbZEkE=, #=qhQv$d28aAWRIUxVq7P2hYE06JVznoE1LDtDheJtkP94= #=z3wGm$yg=) 
   在 #=qGz2BlNyQ2xv7Q6H3VudBMJIxXyJ7a754zgP0agCkp6Q=.#=z5zABAQ3RFX7XBm4048h8Szgr1LdT() 
   在 #=qGz2BlNyQ2xv7Q6H3VudBMJIxXyJ7a754zgP0agCkp6Q=.#=zhGwqN7NVF9EF930rCulqi6GmA_ju(Boolean #=znYbZEkE=)
